# JRE version: Java(TM) SE Runtime Environment (11.0.6+8) (build 11.0.6+8-LTS)
# Java VM: Java HotSpot(TM) 64-Bit Server VM (11.0.6+8-LTS, mixed mode, tiered, compressed oops, parallel gc, windows-amd64)
Heap:
 PSYoungGen      total 41984K, used 0K [0x00000000eab00000, 0x00000000eda80000, 0x0000000100000000)
  eden space 40960K, 0% used [0x00000000eab00000,0x00000000eab00000,0x00000000ed300000)
  from space 1024K, 0% used [0x00000000ed480000,0x00000000ed480000,0x00000000ed580000)
  to   space 2048K, 0% used [0x00000000ed880000,0x00000000ed880000,0x00000000eda80000)
 ParOldGen       total 68608K, used 22398K [0x00000000c0000000, 0x00000000c4300000, 0x00000000eab00000)
  object space 68608K, 32% used [0x00000000c0000000,0x00000000c15df8a8,0x00000000c4300000)
 Metaspace       used 33577K, capacity 35185K, committed 35328K, reserved 1081344K
  class space    used 3143K, capacity 3758K, committed 3840K, reserved 1048576K
GC Heap History (10 events):
Event: 10.999 GC heap before
{Heap before GC invocations=9 (full 1):
 PSYoungGen      total 30720K, used 30702K [0x00000000eab00000, 0x00000000ed480000, 0x0000000100000000)
  eden space 24064K, 100% used [0x00000000eab00000,0x00000000ec280000,0x00000000ec280000)
  from space 6656K, 99% used [0x00000000ec380000,0x00000000ec9fba80,0x00000000eca00000)
  to   space 9216K, 0% used [0x00000000ecb80000,0x00000000ecb80000,0x00000000ed480000)
 ParOldGen       total 68608K, used 11235K [0x00000000c0000000, 0x00000000c4300000, 0x00000000eab00000)
  object space 68608K, 16% used [0x00000000c0000000,0x00000000c0af8d00,0x00000000c4300000)
 Metaspace       used 31468K, capacity 33117K, committed 33280K, reserved 1079296K
  class space    used 3003K, capacity 3576K, committed 3584K, reserved 1048576K
}
Event: 11.107 GC heap after
{Heap after GC invocations=9 (full 1):
 PSYoungGen      total 34816K, used 7104K [0x00000000eab00000, 0x00000000ee900000, 0x0000000100000000)
  eden space 25600K, 0% used [0x00000000eab00000,0x00000000eab00000,0x00000000ec400000)
  from space 9216K, 77% used [0x00000000ecb80000,0x00000000ed270020,0x00000000ed480000)
  to   space 7680K, 0% used [0x00000000ec400000,0x00000000ec400000,0x00000000ecb80000)
 ParOldGen       total 68608K, used 12991K [0x00000000c0000000, 0x00000000c4300000, 0x00000000eab00000)
  object space 68608K, 18% used [0x00000000c0000000,0x00000000c0cafcb0,0x00000000c4300000)
 Metaspace       used 31468K, capacity 33117K, committed 33280K, reserved 1079296K
  class space    used 3003K, capacity 3576K, committed 3584K, reserved 1048576K
}
Event: 11.159 GC heap before
{Heap before GC invocations=10 (full 1):
 PSYoungGen      total 34816K, used 32704K [0x00000000eab00000, 0x00000000ee900000, 0x0000000100000000)
  eden space 25600K, 100% used [0x00000000eab00000,0x00000000ec400000,0x00000000ec400000)
  from space 9216K, 77% used [0x00000000ecb80000,0x00000000ed270020,0x00000000ed480000)
  to   space 7680K, 0% used [0x00000000ec400000,0x00000000ec400000,0x00000000ecb80000)
 ParOldGen       total 68608K, used 12991K [0x00000000c0000000, 0x00000000c4300000, 0x00000000eab00000)
  object space 68608K, 18% used [0x00000000c0000000,0x00000000c0cafcb0,0x00000000c4300000)
 Metaspace       used 31468K, capacity 33117K, committed 33280K, reserved 1079296K
  class space    used 3003K, capacity 3576K, committed 3584K, reserved 1048576K
}
Event: 11.295 GC heap after
{Heap after GC invocations=10 (full 1):
 PSYoungGen      total 33280K, used 6560K [0x00000000eab00000, 0x00000000ee100000, 0x0000000100000000)
  eden space 25600K, 0% used [0x00000000eab00000,0x00000000eab00000,0x00000000ec400000)
  from space 7680K, 85% used [0x00000000ec400000,0x00000000eca68020,0x00000000ecb80000)
  to   space 7168K, 0% used [0x00000000eda00000,0x00000000eda00000,0x00000000ee100000)
 ParOldGen       total 68608K, used 15735K [0x00000000c0000000, 0x00000000c4300000, 0x00000000eab00000)
  object space 68608K, 22% used [0x00000000c0000000,0x00000000c0f5df68,0x00000000c4300000)
 Metaspace       used 31468K, capacity 33117K, committed 33280K, reserved 1079296K
  class space    used 3003K, capacity 3576K, committed 3584K, reserved 1048576K
}
Event: 13.667 GC heap before
{Heap before GC invocations=11 (full 1):
 PSYoungGen      total 33280K, used 32160K [0x00000000eab00000, 0x00000000ee100000, 0x0000000100000000)
  eden space 25600K, 100% used [0x00000000eab00000,0x00000000ec400000,0x00000000ec400000)
  from space 7680K, 85% used [0x00000000ec400000,0x00000000eca68020,0x00000000ecb80000)
  to   space 7168K, 0% used [0x00000000eda00000,0x00000000eda00000,0x00000000ee100000)
 ParOldGen       total 68608K, used 15735K [0x00000000c0000000, 0x00000000c4300000, 0x00000000eab00000)
  object space 68608K, 22% used [0x00000000c0000000,0x00000000c0f5df68,0x00000000c4300000)
 Metaspace       used 32240K, capacity 33904K, committed 34176K, reserved 1079296K
  class space    used 3058K, capacity 3694K, committed 3712K, reserved 1048576K
}
Event: 13.704 GC heap after
{Heap after GC invocations=11 (full 1):
 PSYoungGen      total 44544K, used 3104K [0x00000000eab00000, 0x00000000edd80000, 0x0000000100000000)
  eden space 40960K, 0% used [0x00000000eab00000,0x00000000eab00000,0x00000000ed300000)
  from space 3584K, 86% used [0x00000000eda00000,0x00000000edd08000,0x00000000edd80000)
  to   space 4608K, 0% used [0x00000000ed480000,0x00000000ed480000,0x00000000ed900000)
 ParOldGen       total 68608K, used 19916K [0x00000000c0000000, 0x00000000c4300000, 0x00000000eab00000)
  object space 68608K, 29% used [0x00000000c0000000,0x00000000c1373358,0x00000000c4300000)
 Metaspace       used 32240K, capacity 33904K, committed 34176K, reserved 1079296K
  class space    used 3058K, capacity 3694K, committed 3712K, reserved 1048576K
}
Event: 14.083 GC heap before
{Heap before GC invocations=12 (full 1):
 PSYoungGen      total 44544K, used 12410K [0x00000000eab00000, 0x00000000edd80000, 0x0000000100000000)
  eden space 40960K, 22% used [0x00000000eab00000,0x00000000eb4168c8,0x00000000ed300000)
  from space 3584K, 86% used [0x00000000eda00000,0x00000000edd08000,0x00000000edd80000)
  to   space 4608K, 0% used [0x00000000ed480000,0x00000000ed480000,0x00000000ed900000)
 ParOldGen       total 68608K, used 19916K [0x00000000c0000000, 0x00000000c4300000, 0x00000000eab00000)
  object space 68608K, 29% used [0x00000000c0000000,0x00000000c1373358,0x00000000c4300000)
 Metaspace       used 33577K, capacity 35185K, committed 35328K, reserved 1081344K
  class space    used 3143K, capacity 3758K, committed 3840K, reserved 1048576K
}
Event: 14.168 GC heap after
{Heap after GC invocations=12 (full 1):
 PSYoungGen      total 41984K, used 805K [0x00000000eab00000, 0x00000000eda80000, 0x0000000100000000)
  eden space 40960K, 0% used [0x00000000eab00000,0x00000000eab00000,0x00000000ed300000)
  from space 1024K, 78% used [0x00000000ed480000,0x00000000ed5494b8,0x00000000ed580000)
  to   space 2048K, 0% used [0x00000000ed880000,0x00000000ed880000,0x00000000eda80000)
 ParOldGen       total 68608K, used 22984K [0x00000000c0000000, 0x00000000c4300000, 0x00000000eab00000)
  object space 68608K, 33% used [0x00000000c0000000,0x00000000c1672140,0x00000000c4300000)
 Metaspace       used 33577K, capacity 35185K, committed 35328K, reserved 1081344K
  class space    used 3143K, capacity 3758K, committed 3840K, reserved 1048576K
}
Event: 14.168 GC heap before
{Heap before GC invocations=13 (full 2):
 PSYoungGen      total 41984K, used 805K [0x00000000eab00000, 0x00000000eda80000, 0x0000000100000000)
  eden space 40960K, 0% used [0x00000000eab00000,0x00000000eab00000,0x00000000ed300000)
  from space 1024K, 78% used [0x00000000ed480000,0x00000000ed5494b8,0x00000000ed580000)
  to   space 2048K, 0% used [0x00000000ed880000,0x00000000ed880000,0x00000000eda80000)
 ParOldGen       total 68608K, used 22984K [0x00000000c0000000, 0x00000000c4300000, 0x00000000eab00000)
  object space 68608K, 33% used [0x00000000c0000000,0x00000000c1672140,0x00000000c4300000)
 Metaspace       used 33577K, capacity 35185K, committed 35328K, reserved 1081344K
  class space    used 3143K, capacity 3758K, committed 3840K, reserved 1048576K
}
Event: 14.548 GC heap after
{Heap after GC invocations=13 (full 2):
 PSYoungGen      total 41984K, used 0K [0x00000000eab00000, 0x00000000eda80000, 0x0000000100000000)
  eden space 40960K, 0% used [0x00000000eab00000,0x00000000eab00000,0x00000000ed300000)
  from space 1024K, 0% used [0x00000000ed480000,0x00000000ed480000,0x00000000ed580000)
  to   space 2048K, 0% used [0x00000000ed880000,0x00000000ed880000,0x00000000eda80000)
 ParOldGen       total 68608K, used 22398K [0x00000000c0000000, 0x00000000c4300000, 0x00000000eab00000)
  object space 68608K, 32% used [0x00000000c0000000,0x00000000c15df8a8,0x00000000c4300000)
 Metaspace       used 33577K, capacity 35185K, committed 35328K, reserved 1081344K
  class space    used 3143K, capacity 3758K, committed 3840K, reserved 1048576K
}

